\i data/010_INSERT_InitialSecurity.sql
insert into security_profile(security_profile_id, profile_name, last_update) values(1,'default',now());
INSERT 0 1
insert into security_user(user_id,last_update, password_enc, security_profile_id, active_yn) 
values('golfscore',now(), md5('golfscore'),1,'Y');
INSERT 0 1
INSERT INTO security_privilege(security_privilege_id, priv_name, last_update, description)    
	VALUES (1, 'SELECT_GOLFER', now(), 'Allows users to select golfer'); 
INSERT 0 1
INSERT INTO security_profile_grant( security_profile_id, security_privilege_id) 
	VALUES ( 1, 1);
INSERT 0 1
INSERT INTO security_privilege(security_privilege_id, priv_name, last_update, description)    
	VALUES (2,'INSERT_GOLFER', now(), 'Allows users to add records to golfer');
INSERT 0 1
INSERT INTO security_profile_grant( security_profile_id, security_privilege_id) 
	VALUES ( 1, 2);
INSERT 0 1
INSERT INTO security_privilege(security_privilege_id,  priv_name, last_update, description)    
	VALUES (3,'UPDATE_GOLFER', now(), 'Allows users to update records in golfer');
INSERT 0 1
INSERT INTO security_profile_grant( security_profile_id, security_privilege_id) 
	VALUES ( 1, 3);
INSERT 0 1
INSERT INTO security_privilege(security_privilege_id,  priv_name, last_update, description)    
	VALUES (4, 'DELETE_GOLFER', now(), 'Allows users to delete records from golfer');
INSERT 0 1
INSERT INTO security_profile_grant( security_profile_id, security_privilege_id) 
	VALUES ( 1, 4);
INSERT 0 1
INSERT INTO security_privilege(security_privilege_id, priv_name, last_update, description)    
	VALUES (5, 'SELECT_GOLF_SCORE', now(), 'Allows users to select golf_score'); 
INSERT 0 1
INSERT INTO security_profile_grant( security_profile_id, security_privilege_id) 
	VALUES ( 1, 5);
INSERT 0 1
INSERT INTO security_privilege(security_privilege_id, priv_name, last_update, description)    
	VALUES (6,'INSERT_GOLF_SCORE', now(), 'Allows users to add records to golf_score');
INSERT 0 1
INSERT INTO security_profile_grant( security_profile_id, security_privilege_id) 
	VALUES ( 1, 6);
INSERT 0 1
INSERT INTO security_privilege(security_privilege_id,  priv_name, last_update, description)    
	VALUES (7,'UPDATE_GOLF_SCORE', now(), 'Allows users to update records in golf_score');
INSERT 0 1
INSERT INTO security_profile_grant( security_profile_id, security_privilege_id) 
	VALUES ( 1, 7);
INSERT 0 1
INSERT INTO security_privilege(security_privilege_id,  priv_name, last_update, description)    
	VALUES (8, 'DELETE_GOLF_SCORE', now(), 'Allows users to delete records from golf_score');
INSERT 0 1
INSERT INTO security_profile_grant( security_profile_id, security_privilege_id) 
	VALUES ( 1, 8);
INSERT 0 1
INSERT INTO security_privilege( security_privilege_id, priv_name, last_update, description)   
	 VALUES (9, 'SELECT_GOLFER_HANDICAP', now(), 'Allows users to select golfer handicaps');
INSERT 0 1
insert into security_profile_grant (security_privilege_id, security_profile_id)
	values(9,1);
INSERT 0 1
INSERT INTO security_privilege( security_privilege_id, priv_name, last_update, description)    
	VALUES (10, 'SELECT_CROSS_TABLE_CACHE', now(), 'Required for all users to populate options'); 
INSERT 0 1
INSERT INTO security_profile_grant( security_profile_id, security_privilege_id) 
	VALUES ( 1, 10);
INSERT 0 1
\i data/020_INSERT_TestDat.sql
\set ECHO all
insert into golfer(name, last_update) values ('ABlah',now());
INSERT 0 1
insert into golfer(name, last_update) values ('BBlah',now());
INSERT 0 1
