\i tables/000_pretables.sql
--ok
\i tables/010_CreateTableGolfScore.sql
drop table golf_score cascade;
psql:tables/010_CreateTableGolfScore.sql:1: NOTICE:  drop cascades to 4 other objects
DETAIL:  drop cascades to function golf_score_sq(text,text,text,text,text,integer,integer)
drop cascades to function golf_score_bypk(text,text,text,integer)
drop cascades to function golf_score_iq(text,text,text,integer,integer,date)
drop cascades to function golf_score_uq(text,text,text,integer,timestamp without time zone,integer,integer,date)
DROP TABLE
CREATE TABLE golf_score
(
  golf_score_id serial NOT NULL,
  last_update timestamp(3) without time zone,
  golf_score integer,
  golfer_id integer,
  game_dt date,
  CONSTRAINT golf_score_pkey PRIMARY KEY (golf_score_id),
  CONSTRAINT fk_golf_score_1 FOREIGN KEY (golfer_id)
      REFERENCES golfer (golfer_id) MATCH SIMPLE
      ON UPDATE RESTRICT ON DELETE RESTRICT
)
WITH (
  OIDS=FALSE
);
psql:tables/010_CreateTableGolfScore.sql:16: NOTICE:  CREATE TABLE will create implicit sequence "golf_score_golf_score_id_seq" for serial column "golf_score.golf_score_id"
psql:tables/010_CreateTableGolfScore.sql:16: NOTICE:  CREATE TABLE / PRIMARY KEY will create implicit index "golf_score_pkey" for table "golf_score"
CREATE TABLE
\i tables/020_CreateTable_Golfer.sql
drop table golfer cascade;
psql:tables/020_CreateTable_Golfer.sql:1: NOTICE:  drop cascades to 5 other objects
DETAIL:  drop cascades to constraint fk_golf_score_1 on table golf_score
drop cascades to function golfer_sq(text,text,text,text,text,integer,integer)
drop cascades to function golfer_bypk(text,text,text,integer)
drop cascades to function golfer_iq(text,text,text,character varying)
drop cascades to function golfer_uq(text,text,text,integer,timestamp without time zone,character varying)
DROP TABLE
CREATE TABLE golfer
(
  golfer_id serial NOT NULL,
  last_update timestamp(3) without time zone,
  "name" character varying(25),
  CONSTRAINT golfer_pkey PRIMARY KEY (golfer_id)
)
WITH (
  OIDS=FALSE
);
psql:tables/020_CreateTable_Golfer.sql:11: NOTICE:  CREATE TABLE will create implicit sequence "golfer_golfer_id_seq" for serial column "golfer.golfer_id"
psql:tables/020_CreateTable_Golfer.sql:11: NOTICE:  CREATE TABLE / PRIMARY KEY will create implicit index "golfer_pkey" for table "golfer"
CREATE TABLE
\i tables/999_posttables.sql
--post tables
--Custom types
drop type golfer_summary cascade;
psql:tables/999_posttables.sql:3: NOTICE:  drop cascades to function golfer_handicap_sq(text,text,text)
DROP TYPE
create  type golfer_summary as (golfer_id int, golfer_name varchar, golf_score float, last_date timestamp, first_date timestamp);
CREATE TYPE
drop type type_label_value cascade;
psql:tables/999_posttables.sql:5: NOTICE:  drop cascades to function cross_table_cache_sq(text,text,text)
DROP TYPE
create  type type_label_value as (tp  varchar, lbl varchar, val varchar);
CREATE TYPE
